{"level":"info","message":"BOT VERSION : 1.0.0","timestamp":"2025-03-27_19-01-25"}
{"level":"info","message":"p-win32 / arch-x64","timestamp":"2025-03-27_19-01-25"}
{"level":"info","message":"Script started, waiting for connection.","timestamp":"2025-03-27_19-01-25"}
{"level":"error","message":"[CMD] - Couldn't load command : No name and/or description - File : src\\commands\\ticket.js","timestamp":"2025-03-27_19-01-25"}
{"level":"info","message":"BOT VERSION : 1.0.0","timestamp":"2025-03-27_19-02-19"}
{"level":"info","message":"p-win32 / arch-x64","timestamp":"2025-03-27_19-02-19"}
{"level":"info","message":"Script started, waiting for connection.","timestamp":"2025-03-27_19-02-19"}
{"level":"error","message":"[CMD] - Couldn't load command : No name and/or description - File : src\\commands\\ticket.js","timestamp":"2025-03-27_19-02-19"}
{"level":"info","message":"BOT VERSION : 1.0.0","timestamp":"2025-03-27_19-02-45"}
{"level":"info","message":"p-win32 / arch-x64","timestamp":"2025-03-27_19-02-45"}
{"level":"info","message":"Script started, waiting for connection.","timestamp":"2025-03-27_19-02-45"}
{"level":"info","message":"BOT VERSION : 1.0.0","timestamp":"2025-03-27_19-03-12"}
{"level":"info","message":"p-win32 / arch-x64","timestamp":"2025-03-27_19-03-12"}
{"level":"info","message":"Script started, waiting for connection.","timestamp":"2025-03-27_19-03-12"}
{"level":"info","message":"BOT VERSION : 1.0.0","timestamp":"2025-03-27_19-03-17"}
{"level":"info","message":"p-win32 / arch-x64","timestamp":"2025-03-27_19-03-17"}
{"level":"info","message":"Script started, waiting for connection.","timestamp":"2025-03-27_19-03-17"}
{"level":"info","message":"BOT VERSION : 1.0.0","timestamp":"2025-03-27_19-03-51"}
{"level":"info","message":"p-win32 / arch-x64","timestamp":"2025-03-27_19-03-51"}
{"level":"info","message":"Script started, waiting for connection.","timestamp":"2025-03-27_19-03-51"}
{"level":"info","message":"BOT VERSION : 1.0.0","timestamp":"2025-03-27_19-04-29"}
{"level":"info","message":"p-win32 / arch-x64","timestamp":"2025-03-27_19-04-29"}
{"level":"info","message":"Script started, waiting for connection.","timestamp":"2025-03-27_19-04-29"}
{"level":"info","message":"BOT VERSION : 1.0.0","timestamp":"2025-03-27_19-05-48"}
{"level":"info","message":"p-win32 / arch-x64","timestamp":"2025-03-27_19-05-48"}
{"level":"info","message":"Script started, waiting for connection.","timestamp":"2025-03-27_19-05-48"}
{"level":"info","message":"ready, all done. BOT Running in development","timestamp":"2025-03-27_19-05-49"}
{"level":"info","message":"BOT VERSION : 1.0.0","timestamp":"2025-03-27_19-06-44"}
{"level":"info","message":"p-win32 / arch-x64","timestamp":"2025-03-27_19-06-44"}
{"level":"info","message":"Script started, waiting for connection.","timestamp":"2025-03-27_19-06-44"}
{"level":"info","message":"BOT VERSION : 1.0.0","timestamp":"2025-03-27_19-06-51"}
{"level":"info","message":"p-win32 / arch-x64","timestamp":"2025-03-27_19-06-51"}
{"level":"info","message":"Script started, waiting for connection.","timestamp":"2025-03-27_19-06-51"}
{"level":"info","message":"BOT VERSION : 1.0.0","timestamp":"2025-03-27_19-07-20"}
{"level":"info","message":"p-win32 / arch-x64","timestamp":"2025-03-27_19-07-20"}
{"level":"info","message":"Script started, waiting for connection.","timestamp":"2025-03-27_19-07-20"}
{"level":"info","message":"ready, all done. BOT Running in development","timestamp":"2025-03-27_19-07-21"}
{"level":"info","message":"BOT VERSION : 1.0.0","timestamp":"2025-03-27_19-09-05"}
{"level":"info","message":"p-win32 / arch-x64","timestamp":"2025-03-27_19-09-05"}
{"level":"info","message":"Script started, waiting for connection.","timestamp":"2025-03-27_19-09-05"}
{"level":"info","message":"ready, all done. BOT Running in development","timestamp":"2025-03-27_19-09-05"}
{"level":"info","message":"BOT VERSION : 1.0.0","timestamp":"2025-03-27_19-09-58"}
{"level":"info","message":"p-win32 / arch-x64","timestamp":"2025-03-27_19-09-58"}
{"level":"info","message":"Script started, waiting for connection.","timestamp":"2025-03-27_19-09-58"}
{"level":"info","message":"ready, all done. BOT Running in development","timestamp":"2025-03-27_19-09-59"}
{"level":"info","message":"BOT VERSION : 1.0.0","timestamp":"2025-03-27_19-10-42"}
{"level":"info","message":"p-win32 / arch-x64","timestamp":"2025-03-27_19-10-42"}
{"level":"info","message":"Script started, waiting for connection.","timestamp":"2025-03-27_19-10-42"}
{"level":"info","message":"ready, all done. BOT Running in development","timestamp":"2025-03-27_19-10-43"}
{"level":"info","message":"BOT VERSION : 1.0.0","timestamp":"2025-03-27_19-11-34"}
{"level":"info","message":"p-win32 / arch-x64","timestamp":"2025-03-27_19-11-34"}
{"level":"info","message":"Script started, waiting for connection.","timestamp":"2025-03-27_19-11-34"}
{"level":"info","message":"ready, all done. BOT Running in development","timestamp":"2025-03-27_19-11-35"}
{"level":"info","message":"BOT VERSION : 1.0.0","timestamp":"2025-03-27_19-13-19"}
{"level":"info","message":"p-win32 / arch-x64","timestamp":"2025-03-27_19-13-19"}
{"level":"info","message":"Script started, waiting for connection.","timestamp":"2025-03-27_19-13-19"}
{"level":"info","message":"ready, all done. BOT Running in development","timestamp":"2025-03-27_19-13-20"}
{"level":"info","message":"BOT VERSION : 1.0.0","timestamp":"2025-03-27_19-15-28"}
{"level":"info","message":"p-win32 / arch-x64","timestamp":"2025-03-27_19-15-28"}
{"level":"info","message":"Script started, waiting for connection.","timestamp":"2025-03-27_19-15-28"}
{"level":"info","message":"ready, all done. BOT Running in development","timestamp":"2025-03-27_19-15-29"}
{"level":"info","message":"BOT VERSION : 1.0.0","timestamp":"2025-03-27_19-17-07"}
{"level":"info","message":"p-win32 / arch-x64","timestamp":"2025-03-27_19-17-07"}
{"level":"info","message":"Script started, waiting for connection.","timestamp":"2025-03-27_19-17-08"}
{"level":"info","message":"ready, all done. BOT Running in development","timestamp":"2025-03-27_19-17-09"}
{"level":"info","message":"BOT VERSION : 1.0.0","timestamp":"2025-03-27_19-18-28"}
{"level":"info","message":"p-win32 / arch-x64","timestamp":"2025-03-27_19-18-28"}
{"level":"info","message":"Script started, waiting for connection.","timestamp":"2025-03-27_19-18-28"}
{"level":"info","message":"ready, all done. BOT Running in development","timestamp":"2025-03-27_19-18-29"}
{"level":"info","message":"BOT VERSION : 1.0.0","timestamp":"2025-03-27_19-21-04"}
{"level":"info","message":"p-win32 / arch-x64","timestamp":"2025-03-27_19-21-04"}
{"level":"info","message":"Script started, waiting for connection.","timestamp":"2025-03-27_19-21-04"}
{"level":"info","message":"ready, all done. BOT Running in development","timestamp":"2025-03-27_19-21-05"}
{"level":"info","message":"BOT VERSION : 1.0.0","timestamp":"2025-03-27_19-23-14"}
{"level":"info","message":"p-win32 / arch-x64","timestamp":"2025-03-27_19-23-15"}
{"level":"info","message":"Script started, waiting for connection.","timestamp":"2025-03-27_19-23-15"}
{"level":"info","message":"ready, all done. BOT Running in development","timestamp":"2025-03-27_19-23-16"}
{"enumKeys":["Primary","Secondary","Success","Danger","Link","Premium"],"enumMappings":[["Primary",1],[1,1],["1",1],["Secondary",2],[2,2],["2",2],["Success",3],[3,3],["3",3],["Danger",4],[4,4],["4",4],["Link",5],[5,5],["5",5],["Premium",6],[6,6],["6",6]],"message":"Expected the value to be one of the following enum values:","name":"Error","value":"PRIMARY"}
{"level":"info","message":"BOT VERSION : 1.0.0","timestamp":"2025-03-27_19-24-52"}
{"level":"info","message":"p-win32 / arch-x64","timestamp":"2025-03-27_19-24-52"}
{"level":"info","message":"Script started, waiting for connection.","timestamp":"2025-03-27_19-24-52"}
{"level":"info","message":"ready, all done. BOT Running in development","timestamp":"2025-03-27_19-24-53"}
{"enumKeys":["Primary","Secondary","Success","Danger","Link","Premium"],"enumMappings":[["Primary",1],[1,1],["1",1],["Secondary",2],[2,2],["2",2],["Success",3],[3,3],["3",3],["Danger",4],[4,4],["4",4],["Link",5],[5,5],["5",5],["Premium",6],[6,6],["6",6]],"message":"Expected the value to be one of the following enum values:","name":"Error","value":"PRIMARY"}
{"level":"info","message":"BOT VERSION : 1.0.0","timestamp":"2025-03-27_19-26-27"}
{"level":"info","message":"p-win32 / arch-x64","timestamp":"2025-03-27_19-26-27"}
{"level":"info","message":"Script started, waiting for connection.","timestamp":"2025-03-27_19-26-27"}
{"level":"info","message":"ready, all done. BOT Running in development","timestamp":"2025-03-27_19-26-28"}
{"code":"InteractionAlreadyReplied","level":"error","timestamp":"2025-03-27_19-26-36"}
{"enumKeys":["Primary","Secondary","Success","Danger","Link","Premium"],"enumMappings":[["Primary",1],[1,1],["1",1],["Secondary",2],[2,2],["2",2],["Success",3],[3,3],["3",3],["Danger",4],[4,4],["4",4],["Link",5],[5,5],["5",5],["Premium",6],[6,6],["6",6]],"message":"Expected the value to be one of the following enum values:","name":"Error","value":"PRIMARY"}
{"enumKeys":["Primary","Secondary","Success","Danger","Link","Premium"],"enumMappings":[["Primary",1],[1,1],["1",1],["Secondary",2],[2,2],["2",2],["Success",3],[3,3],["3",3],["Danger",4],[4,4],["4",4],["Link",5],[5,5],["5",5],["Premium",6],[6,6],["6",6]],"message":"Expected the value to be one of the following enum values:","name":"Error","value":"PRIMARY"}
{"level":"info","message":"BOT VERSION : 1.0.0","timestamp":"2025-03-27_19-29-08"}
{"level":"info","message":"p-win32 / arch-x64","timestamp":"2025-03-27_19-29-08"}
{"level":"info","message":"Script started, waiting for connection.","timestamp":"2025-03-27_19-29-08"}
{"level":"info","message":"ready, all done. BOT Running in development","timestamp":"2025-03-27_19-29-09"}
{"enumKeys":["Primary","Secondary","Success","Danger","Link","Premium"],"enumMappings":[["Primary",1],[1,1],["1",1],["Secondary",2],[2,2],["2",2],["Success",3],[3,3],["3",3],["Danger",4],[4,4],["4",4],["Link",5],[5,5],["5",5],["Premium",6],[6,6],["6",6]],"message":"Expected the value to be one of the following enum values:","name":"Error","value":"PRIMARY"}
{"enumKeys":["Primary","Secondary","Success","Danger","Link","Premium"],"enumMappings":[["Primary",1],[1,1],["1",1],["Secondary",2],[2,2],["2",2],["Success",3],[3,3],["3",3],["Danger",4],[4,4],["4",4],["Link",5],[5,5],["5",5],["Premium",6],[6,6],["6",6]],"message":"Expected the value to be one of the following enum values:","name":"Error","value":"PRIMARY"}
{"level":"info","message":"BOT VERSION : 1.0.0","timestamp":"2025-03-27_19-29-47"}
{"level":"info","message":"p-win32 / arch-x64","timestamp":"2025-03-27_19-29-47"}
{"level":"info","message":"Script started, waiting for connection.","timestamp":"2025-03-27_19-29-47"}
{"level":"info","message":"ready, all done. BOT Running in development","timestamp":"2025-03-27_19-29-48"}
{"enumKeys":["Primary","Secondary","Success","Danger","Link","Premium"],"enumMappings":[["Primary",1],[1,1],["1",1],["Secondary",2],[2,2],["2",2],["Success",3],[3,3],["3",3],["Danger",4],[4,4],["4",4],["Link",5],[5,5],["5",5],["Premium",6],[6,6],["6",6]],"message":"Expected the value to be one of the following enum values:","name":"Error","value":"PRIMARY"}
{"level":"info","message":"BOT VERSION : 1.0.0","timestamp":"2025-03-27_19-30-34"}
{"level":"info","message":"p-win32 / arch-x64","timestamp":"2025-03-27_19-30-34"}
{"level":"info","message":"Script started, waiting for connection.","timestamp":"2025-03-27_19-30-34"}
{"level":"info","message":"ready, all done. BOT Running in development","timestamp":"2025-03-27_19-30-35"}
{"level":"info","message":"BOT VERSION : 1.0.0","timestamp":"2025-03-27_19-32-22"}
{"level":"info","message":"p-win32 / arch-x64","timestamp":"2025-03-27_19-32-22"}
{"level":"info","message":"Script started, waiting for connection.","timestamp":"2025-03-27_19-32-22"}
{"level":"info","message":"ready, all done. BOT Running in development","timestamp":"2025-03-27_19-32-23"}
{"level":"info","message":"BOT VERSION : 1.0.0","timestamp":"2025-03-27_19-32-27"}
{"level":"info","message":"p-win32 / arch-x64","timestamp":"2025-03-27_19-32-27"}
{"level":"info","message":"Script started, waiting for connection.","timestamp":"2025-03-27_19-32-27"}
{"level":"info","message":"ready, all done. BOT Running in development","timestamp":"2025-03-27_19-32-28"}
{"level":"info","message":"BOT VERSION : 1.0.0","timestamp":"2025-04-03_11-09-55"}
{"level":"info","message":"p-win32 / arch-x64","timestamp":"2025-04-03_11-09-55"}
{"level":"info","message":"Script started, waiting for connection.","timestamp":"2025-04-03_11-09-55"}
